2019-10-04 00:00:01 ||| [http-nio-7301-exec-1] ||| INFO  ||| com.objectspace.coorperation.aop.AutoLogAop ||| ===================================================================================
2019-10-04 00:00:02 ||| [http-nio-7301-exec-1] ||| INFO  ||| com.objectspace.coorperation.aop.AutoLogAop ||| 请求地址:/frontend/login
2019-10-04 00:00:02 ||| [http-nio-7301-exec-1] ||| INFO  ||| com.objectspace.coorperation.aop.AutoLogAop ||| 用户名:游客
2019-10-04 00:00:02 ||| [http-nio-7301-exec-1] ||| INFO  ||| com.objectspace.coorperation.aop.AutoLogAop ||| 返回信息:"/frontend/login"
2019-10-04 00:00:02 ||| [http-nio-7301-exec-1] ||| INFO  ||| com.objectspace.coorperation.aop.AutoLogAop ||| ===================================================================================
2019-10-04 00:02:51 ||| [main] ||| INFO  ||| c.objectspace.coorperation.CoorperationApplication ||| Starting CoorperationApplication on DESKTOP-URDLGQF with PID 9632 (C:\NoCortY_Pad\WorkSpace\github\coorperation\target\classes started by nocor in C:\NoCortY_Pad\WorkSpace\github\coorperation)
2019-10-04 00:02:51 ||| [main] ||| INFO  ||| c.objectspace.coorperation.CoorperationApplication ||| No active profile set, falling back to default profiles: default
2019-10-04 00:03:01 ||| [main] ||| INFO  ||| com.objectspace.coorperation.cache.RedisCache ||| MyBatis开启二级缓存!
2019-10-04 00:03:13 ||| [main] ||| INFO  ||| c.objectspace.coorperation.CoorperationApplication ||| Started CoorperationApplication in 25.031 seconds (JVM running for 28.218)
2019-10-04 00:04:28 ||| [http-nio-7301-exec-4] ||| INFO  ||| com.objectspace.coorperation.aop.AutoLogAop ||| ===================================================================================
2019-10-04 00:04:29 ||| [http-nio-7301-exec-4] ||| INFO  ||| com.objectspace.coorperation.aop.AutoLogAop ||| 请求地址:/frontend/login
2019-10-04 00:04:29 ||| [http-nio-7301-exec-4] ||| INFO  ||| com.objectspace.coorperation.aop.AutoLogAop ||| 用户名:游客
2019-10-04 00:04:29 ||| [http-nio-7301-exec-4] ||| INFO  ||| com.objectspace.coorperation.aop.AutoLogAop ||| 返回信息:"/frontend/login"
2019-10-04 00:04:29 ||| [http-nio-7301-exec-4] ||| INFO  ||| com.objectspace.coorperation.aop.AutoLogAop ||| ===================================================================================
2019-10-04 00:06:35 ||| [main] ||| INFO  ||| c.objectspace.coorperation.CoorperationApplication ||| Starting CoorperationApplication on DESKTOP-URDLGQF with PID 10780 (C:\NoCortY_Pad\WorkSpace\github\coorperation\target\classes started by nocor in C:\NoCortY_Pad\WorkSpace\github\coorperation)
2019-10-04 00:06:35 ||| [main] ||| INFO  ||| c.objectspace.coorperation.CoorperationApplication ||| No active profile set, falling back to default profiles: default
2019-10-04 00:06:44 ||| [main] ||| INFO  ||| com.objectspace.coorperation.cache.RedisCache ||| MyBatis开启二级缓存!
2019-10-04 00:07:00 ||| [main] ||| INFO  ||| c.objectspace.coorperation.CoorperationApplication ||| Started CoorperationApplication in 27.286 seconds (JVM running for 34.463)
2019-10-04 00:07:10 ||| [http-nio-7301-exec-1] ||| INFO  ||| com.objectspace.coorperation.aop.AutoLogAop ||| ===================================================================================
2019-10-04 00:07:10 ||| [http-nio-7301-exec-1] ||| INFO  ||| com.objectspace.coorperation.aop.AutoLogAop ||| 请求地址:/frontend/login
2019-10-04 00:07:10 ||| [http-nio-7301-exec-1] ||| INFO  ||| com.objectspace.coorperation.aop.AutoLogAop ||| 用户名:游客
2019-10-04 00:07:10 ||| [http-nio-7301-exec-1] ||| INFO  ||| com.objectspace.coorperation.aop.AutoLogAop ||| 返回信息:"/frontend/login"
2019-10-04 00:07:10 ||| [http-nio-7301-exec-1] ||| INFO  ||| com.objectspace.coorperation.aop.AutoLogAop ||| ===================================================================================
2019-10-04 00:10:10 ||| [http-nio-7301-exec-8] ||| INFO  ||| com.objectspace.coorperation.aop.AutoLogAop ||| ===================================================================================
2019-10-04 00:10:10 ||| [http-nio-7301-exec-8] ||| INFO  ||| com.objectspace.coorperation.aop.AutoLogAop ||| 请求地址:/frontend/login
2019-10-04 00:10:10 ||| [http-nio-7301-exec-8] ||| INFO  ||| com.objectspace.coorperation.aop.AutoLogAop ||| 用户名:游客
2019-10-04 00:10:10 ||| [http-nio-7301-exec-8] ||| INFO  ||| com.objectspace.coorperation.aop.AutoLogAop ||| 返回信息:"/frontend/login"
2019-10-04 00:10:10 ||| [http-nio-7301-exec-8] ||| INFO  ||| com.objectspace.coorperation.aop.AutoLogAop ||| ===================================================================================
2019-10-04 00:11:03 ||| [http-nio-7301-exec-2] ||| INFO  ||| com.objectspace.coorperation.cache.RedisCache ||| 尝试从Redis缓存中读取数据...
2019-10-04 00:11:04 ||| [http-nio-7301-exec-2] ||| INFO  ||| com.objectspace.coorperation.cache.RedisCache ||| Redis缓存中不存在所需的数据，进行穿透查询!
2019-10-04 00:11:06 ||| [http-nio-7301-exec-2] ||| INFO  ||| com.objectspace.coorperation.cache.RedisCache ||| 将数据回写Redis缓存。
2019-10-04 00:11:10 ||| [http-nio-7301-exec-10] ||| INFO  ||| com.objectspace.coorperation.aop.AutoLogAop ||| ===================================================================================
2019-10-04 00:11:10 ||| [http-nio-7301-exec-10] ||| INFO  ||| com.objectspace.coorperation.aop.AutoLogAop ||| 请求地址:/frontend/index
2019-10-04 00:11:10 ||| [http-nio-7301-exec-10] ||| INFO  ||| com.objectspace.coorperation.aop.AutoLogAop ||| 用户名:游客
2019-10-04 00:11:10 ||| [http-nio-7301-exec-10] ||| INFO  ||| com.objectspace.coorperation.aop.AutoLogAop ||| 返回信息:"/frontend/index"
2019-10-04 00:11:10 ||| [http-nio-7301-exec-10] ||| INFO  ||| com.objectspace.coorperation.aop.AutoLogAop ||| ===================================================================================
2019-10-04 00:11:25 ||| [http-nio-7301-exec-6] ||| INFO  ||| com.objectspace.coorperation.cache.RedisCache ||| 尝试从Redis缓存中读取数据...
2019-10-04 00:11:26 ||| [http-nio-7301-exec-6] ||| INFO  ||| com.objectspace.coorperation.cache.RedisCache ||| Redis缓存中不存在所需的数据，进行穿透查询!
2019-10-04 00:11:26 ||| [http-nio-7301-exec-6] ||| INFO  ||| com.objectspace.coorperation.cache.RedisCache ||| 将数据回写Redis缓存。
2019-10-04 00:12:06 ||| [main] ||| INFO  ||| c.objectspace.coorperation.CoorperationApplication ||| Starting CoorperationApplication on DESKTOP-URDLGQF with PID 10572 (C:\NoCortY_Pad\WorkSpace\github\coorperation\target\classes started by nocor in C:\NoCortY_Pad\WorkSpace\github\coorperation)
2019-10-04 00:12:06 ||| [main] ||| INFO  ||| c.objectspace.coorperation.CoorperationApplication ||| No active profile set, falling back to default profiles: default
2019-10-04 00:12:20 ||| [main] ||| INFO  ||| com.objectspace.coorperation.cache.RedisCache ||| MyBatis开启二级缓存!
2019-10-04 00:12:34 ||| [main] ||| INFO  ||| c.objectspace.coorperation.CoorperationApplication ||| Started CoorperationApplication in 29.696 seconds (JVM running for 32.074)
2019-10-04 00:12:41 ||| [http-nio-7301-exec-10] ||| INFO  ||| com.objectspace.coorperation.aop.AutoLogAop ||| ===================================================================================
2019-10-04 00:12:42 ||| [http-nio-7301-exec-10] ||| INFO  ||| com.objectspace.coorperation.aop.AutoLogAop ||| 请求地址:/frontend/login
2019-10-04 00:12:42 ||| [http-nio-7301-exec-10] ||| INFO  ||| com.objectspace.coorperation.aop.AutoLogAop ||| 用户名:游客
2019-10-04 00:12:42 ||| [http-nio-7301-exec-10] ||| INFO  ||| com.objectspace.coorperation.aop.AutoLogAop ||| 返回信息:"/frontend/login"
2019-10-04 00:12:42 ||| [http-nio-7301-exec-10] ||| INFO  ||| com.objectspace.coorperation.aop.AutoLogAop ||| ===================================================================================
2019-10-04 00:12:49 ||| [http-nio-7301-exec-3] ||| INFO  ||| com.objectspace.coorperation.aop.AutoLogAop ||| ===================================================================================
2019-10-04 00:12:49 ||| [http-nio-7301-exec-3] ||| INFO  ||| com.objectspace.coorperation.aop.AutoLogAop ||| 请求地址:/frontend/login
2019-10-04 00:12:49 ||| [http-nio-7301-exec-3] ||| INFO  ||| com.objectspace.coorperation.aop.AutoLogAop ||| 用户名:游客
2019-10-04 00:12:49 ||| [http-nio-7301-exec-3] ||| INFO  ||| com.objectspace.coorperation.aop.AutoLogAop ||| 返回信息:"/frontend/login"
2019-10-04 00:12:49 ||| [http-nio-7301-exec-3] ||| INFO  ||| com.objectspace.coorperation.aop.AutoLogAop ||| ===================================================================================
2019-10-04 00:12:51 ||| [http-nio-7301-exec-4] ||| INFO  ||| com.objectspace.coorperation.aop.AutoLogAop ||| ===================================================================================
2019-10-04 00:12:51 ||| [http-nio-7301-exec-4] ||| INFO  ||| com.objectspace.coorperation.aop.AutoLogAop ||| 请求地址:/frontend/login
2019-10-04 00:12:51 ||| [http-nio-7301-exec-4] ||| INFO  ||| com.objectspace.coorperation.aop.AutoLogAop ||| 用户名:游客
2019-10-04 00:12:51 ||| [http-nio-7301-exec-4] ||| INFO  ||| com.objectspace.coorperation.aop.AutoLogAop ||| 返回信息:"/frontend/login"
2019-10-04 00:12:51 ||| [http-nio-7301-exec-4] ||| INFO  ||| com.objectspace.coorperation.aop.AutoLogAop ||| ===================================================================================
2019-10-04 00:13:02 ||| [http-nio-7301-exec-9] ||| INFO  ||| com.objectspace.coorperation.aop.AutoLogAop ||| ===================================================================================
2019-10-04 00:13:02 ||| [http-nio-7301-exec-9] ||| INFO  ||| com.objectspace.coorperation.aop.AutoLogAop ||| 请求地址:/frontend/login
2019-10-04 00:13:02 ||| [http-nio-7301-exec-9] ||| INFO  ||| com.objectspace.coorperation.aop.AutoLogAop ||| 用户名:游客
2019-10-04 00:13:02 ||| [http-nio-7301-exec-9] ||| INFO  ||| com.objectspace.coorperation.aop.AutoLogAop ||| 返回信息:"/frontend/login"
2019-10-04 00:13:02 ||| [http-nio-7301-exec-9] ||| INFO  ||| com.objectspace.coorperation.aop.AutoLogAop ||| ===================================================================================
2019-10-04 00:13:03 ||| [http-nio-7301-exec-7] ||| INFO  ||| com.objectspace.coorperation.aop.AutoLogAop ||| ===================================================================================
2019-10-04 00:13:03 ||| [http-nio-7301-exec-7] ||| INFO  ||| com.objectspace.coorperation.aop.AutoLogAop ||| 请求地址:/frontend/login
2019-10-04 00:13:03 ||| [http-nio-7301-exec-7] ||| INFO  ||| com.objectspace.coorperation.aop.AutoLogAop ||| 用户名:游客
2019-10-04 00:13:03 ||| [http-nio-7301-exec-7] ||| INFO  ||| com.objectspace.coorperation.aop.AutoLogAop ||| 返回信息:"/frontend/login"
2019-10-04 00:13:03 ||| [http-nio-7301-exec-7] ||| INFO  ||| com.objectspace.coorperation.aop.AutoLogAop ||| ===================================================================================
2019-10-04 00:13:05 ||| [http-nio-7301-exec-8] ||| INFO  ||| com.objectspace.coorperation.aop.AutoLogAop ||| ===================================================================================
2019-10-04 00:13:05 ||| [http-nio-7301-exec-8] ||| INFO  ||| com.objectspace.coorperation.aop.AutoLogAop ||| 请求地址:/frontend/login
2019-10-04 00:13:05 ||| [http-nio-7301-exec-8] ||| INFO  ||| com.objectspace.coorperation.aop.AutoLogAop ||| 用户名:游客
2019-10-04 00:13:05 ||| [http-nio-7301-exec-8] ||| INFO  ||| com.objectspace.coorperation.aop.AutoLogAop ||| 返回信息:"/frontend/login"
2019-10-04 00:13:05 ||| [http-nio-7301-exec-8] ||| INFO  ||| com.objectspace.coorperation.aop.AutoLogAop ||| ===================================================================================
2019-10-04 00:13:06 ||| [http-nio-7301-exec-2] ||| INFO  ||| com.objectspace.coorperation.aop.AutoLogAop ||| ===================================================================================
2019-10-04 00:13:06 ||| [http-nio-7301-exec-2] ||| INFO  ||| com.objectspace.coorperation.aop.AutoLogAop ||| 请求地址:/frontend/login
2019-10-04 00:13:06 ||| [http-nio-7301-exec-2] ||| INFO  ||| com.objectspace.coorperation.aop.AutoLogAop ||| 用户名:游客
2019-10-04 00:13:06 ||| [http-nio-7301-exec-2] ||| INFO  ||| com.objectspace.coorperation.aop.AutoLogAop ||| 返回信息:"/frontend/login"
2019-10-04 00:13:06 ||| [http-nio-7301-exec-2] ||| INFO  ||| com.objectspace.coorperation.aop.AutoLogAop ||| ===================================================================================
2019-10-04 00:13:49 ||| [main] ||| INFO  ||| c.objectspace.coorperation.CoorperationApplication ||| Starting CoorperationApplication on DESKTOP-URDLGQF with PID 1180 (C:\NoCortY_Pad\WorkSpace\github\coorperation\target\classes started by nocor in C:\NoCortY_Pad\WorkSpace\github\coorperation)
2019-10-04 00:13:49 ||| [main] ||| INFO  ||| c.objectspace.coorperation.CoorperationApplication ||| No active profile set, falling back to default profiles: default
2019-10-04 00:13:59 ||| [main] ||| INFO  ||| com.objectspace.coorperation.cache.RedisCache ||| MyBatis开启二级缓存!
2019-10-04 00:14:15 ||| [main] ||| INFO  ||| c.objectspace.coorperation.CoorperationApplication ||| Started CoorperationApplication in 28.56 seconds (JVM running for 30.869)
2019-10-04 00:14:20 ||| [http-nio-7301-exec-10] ||| INFO  ||| com.objectspace.coorperation.aop.AutoLogAop ||| ===================================================================================
2019-10-04 00:14:20 ||| [http-nio-7301-exec-10] ||| INFO  ||| com.objectspace.coorperation.aop.AutoLogAop ||| 请求地址:/frontend/login
2019-10-04 00:14:20 ||| [http-nio-7301-exec-10] ||| INFO  ||| com.objectspace.coorperation.aop.AutoLogAop ||| 用户名:游客
2019-10-04 00:14:20 ||| [http-nio-7301-exec-10] ||| INFO  ||| com.objectspace.coorperation.aop.AutoLogAop ||| 返回信息:"/frontend/login"
2019-10-04 00:14:20 ||| [http-nio-7301-exec-10] ||| INFO  ||| com.objectspace.coorperation.aop.AutoLogAop ||| ===================================================================================
2019-10-04 00:14:37 ||| [http-nio-7301-exec-10] ||| INFO  ||| com.objectspace.coorperation.cache.RedisCache ||| 尝试从Redis缓存中读取数据...
2019-10-04 00:14:37 ||| [http-nio-7301-exec-10] ||| INFO  ||| com.objectspace.coorperation.cache.RedisCache ||| 成功命中Redis缓存并get所需数据!
2019-10-04 00:14:39 ||| [http-nio-7301-exec-7] ||| INFO  ||| com.objectspace.coorperation.aop.AutoLogAop ||| ===================================================================================
2019-10-04 00:14:39 ||| [http-nio-7301-exec-7] ||| INFO  ||| com.objectspace.coorperation.aop.AutoLogAop ||| 请求地址:/frontend/index
2019-10-04 00:14:39 ||| [http-nio-7301-exec-7] ||| INFO  ||| com.objectspace.coorperation.aop.AutoLogAop ||| 用户名:游客
2019-10-04 00:14:39 ||| [http-nio-7301-exec-7] ||| INFO  ||| com.objectspace.coorperation.aop.AutoLogAop ||| 返回信息:"/frontend/index"
2019-10-04 00:14:39 ||| [http-nio-7301-exec-7] ||| INFO  ||| com.objectspace.coorperation.aop.AutoLogAop ||| ===================================================================================
2019-10-04 00:14:39 ||| [http-nio-7301-exec-6] ||| INFO  ||| com.objectspace.coorperation.cache.RedisCache ||| 尝试从Redis缓存中读取数据...
2019-10-04 00:14:39 ||| [http-nio-7301-exec-6] ||| INFO  ||| com.objectspace.coorperation.cache.RedisCache ||| 成功命中Redis缓存并get所需数据!
2019-10-04 00:15:32 ||| [http-nio-7301-exec-7] ||| INFO  ||| com.objectspace.coorperation.cache.RedisCache ||| 尝试从Redis缓存中读取数据...
2019-10-04 00:15:32 ||| [http-nio-7301-exec-7] ||| INFO  ||| com.objectspace.coorperation.cache.RedisCache ||| 成功命中Redis缓存并get所需数据!
2019-10-04 00:15:32 ||| [http-nio-7301-exec-7] ||| INFO  ||| c.o.coorperation.service.impl.UserServiceImpl ||| 用户:ObjectTest认证失败
2019-10-04 00:15:44 ||| [http-nio-7301-exec-9] ||| INFO  ||| com.objectspace.coorperation.cache.RedisCache ||| 尝试从Redis缓存中读取数据...
2019-10-04 00:15:44 ||| [http-nio-7301-exec-9] ||| INFO  ||| com.objectspace.coorperation.cache.RedisCache ||| 成功命中Redis缓存并get所需数据!
2019-10-04 00:15:46 ||| [http-nio-7301-exec-3] ||| INFO  ||| com.objectspace.coorperation.aop.AutoLogAop ||| ===================================================================================
2019-10-04 00:15:46 ||| [http-nio-7301-exec-3] ||| INFO  ||| com.objectspace.coorperation.aop.AutoLogAop ||| 请求地址:/frontend/index
2019-10-04 00:15:46 ||| [http-nio-7301-exec-3] ||| INFO  ||| com.objectspace.coorperation.aop.AutoLogAop ||| 用户名:游客
2019-10-04 00:15:46 ||| [http-nio-7301-exec-3] ||| INFO  ||| com.objectspace.coorperation.aop.AutoLogAop ||| 返回信息:"/frontend/index"
2019-10-04 00:15:46 ||| [http-nio-7301-exec-3] ||| INFO  ||| com.objectspace.coorperation.aop.AutoLogAop ||| ===================================================================================
2019-10-04 00:15:46 ||| [http-nio-7301-exec-1] ||| INFO  ||| com.objectspace.coorperation.cache.RedisCache ||| 尝试从Redis缓存中读取数据...
2019-10-04 00:15:46 ||| [http-nio-7301-exec-1] ||| INFO  ||| com.objectspace.coorperation.cache.RedisCache ||| 成功命中Redis缓存并get所需数据!
2019-10-04 11:46:46 ||| [main] ||| INFO  ||| c.objectspace.coorperation.CoorperationApplication ||| Starting CoorperationApplication on DESKTOP-URDLGQF with PID 11920 (C:\NoCortY_Pad\WorkSpace\github\coorperation\target\classes started by nocor in C:\NoCortY_Pad\WorkSpace\github\coorperation)
2019-10-04 11:46:46 ||| [main] ||| INFO  ||| c.objectspace.coorperation.CoorperationApplication ||| No active profile set, falling back to default profiles: default
2019-10-04 11:46:54 ||| [main] ||| INFO  ||| com.objectspace.coorperation.cache.RedisCache ||| MyBatis开启二级缓存!
2019-10-04 14:23:02 ||| [main] ||| INFO  ||| c.objectspace.coorperation.CoorperationApplication ||| Starting CoorperationApplication on DESKTOP-URDLGQF with PID 9764 (C:\NoCortY_Pad\WorkSpace\github\coorperation\target\classes started by nocor in C:\NoCortY_Pad\WorkSpace\github\coorperation)
2019-10-04 14:23:02 ||| [main] ||| INFO  ||| c.objectspace.coorperation.CoorperationApplication ||| No active profile set, falling back to default profiles: default
2019-10-04 14:23:10 ||| [main] ||| INFO  ||| com.objectspace.coorperation.cache.RedisCache ||| MyBatis开启二级缓存!
2019-10-04 14:24:33 ||| [main] ||| INFO  ||| c.objectspace.coorperation.CoorperationApplication ||| Starting CoorperationApplication on DESKTOP-URDLGQF with PID 1280 (C:\NoCortY_Pad\WorkSpace\github\coorperation\target\classes started by nocor in C:\NoCortY_Pad\WorkSpace\github\coorperation)
2019-10-04 14:24:33 ||| [main] ||| INFO  ||| c.objectspace.coorperation.CoorperationApplication ||| No active profile set, falling back to default profiles: default
2019-10-04 14:24:42 ||| [main] ||| INFO  ||| com.objectspace.coorperation.cache.RedisCache ||| MyBatis开启二级缓存!
2019-10-04 14:25:43 ||| [main] ||| INFO  ||| c.objectspace.coorperation.CoorperationApplication ||| Starting CoorperationApplication on DESKTOP-URDLGQF with PID 9844 (C:\NoCortY_Pad\WorkSpace\github\coorperation\target\classes started by nocor in C:\NoCortY_Pad\WorkSpace\github\coorperation)
2019-10-04 14:25:43 ||| [main] ||| INFO  ||| c.objectspace.coorperation.CoorperationApplication ||| No active profile set, falling back to default profiles: default
2019-10-04 14:25:49 ||| [main] ||| INFO  ||| com.objectspace.coorperation.cache.RedisCache ||| MyBatis开启二级缓存!
2019-10-04 14:42:28 ||| [main] ||| INFO  ||| c.objectspace.coorperation.CoorperationApplication ||| Starting CoorperationApplication on DESKTOP-URDLGQF with PID 12448 (C:\NoCortY_Pad\WorkSpace\github\coorperation\target\classes started by nocor in C:\NoCortY_Pad\WorkSpace\github\coorperation)
2019-10-04 14:42:28 ||| [main] ||| INFO  ||| c.objectspace.coorperation.CoorperationApplication ||| No active profile set, falling back to default profiles: default
2019-10-04 14:42:37 ||| [main] ||| INFO  ||| com.objectspace.coorperation.cache.RedisCache ||| MyBatis开启二级缓存!
2019-10-04 14:43:05 ||| [main] ||| INFO  ||| c.objectspace.coorperation.CoorperationApplication ||| Starting CoorperationApplication on DESKTOP-URDLGQF with PID 4452 (C:\NoCortY_Pad\WorkSpace\github\coorperation\target\classes started by nocor in C:\NoCortY_Pad\WorkSpace\github\coorperation)
2019-10-04 14:43:05 ||| [main] ||| INFO  ||| c.objectspace.coorperation.CoorperationApplication ||| No active profile set, falling back to default profiles: default
2019-10-04 14:43:14 ||| [main] ||| INFO  ||| com.objectspace.coorperation.cache.RedisCache ||| MyBatis开启二级缓存!
2019-10-04 14:43:26 ||| [main] ||| INFO  ||| com.objectspace.coorperation.cache.RedisCache ||| 尝试从Redis缓存中读取数据...
2019-10-04 14:43:27 ||| [main] ||| INFO  ||| com.objectspace.coorperation.cache.RedisCache ||| Redis缓存中不存在所需的数据，进行穿透查询!
2019-10-04 14:43:28 ||| [main] ||| INFO  ||| com.objectspace.coorperation.cache.RedisCache ||| 将数据回写Redis缓存。
2019-10-04 14:44:15 ||| [main] ||| INFO  ||| c.objectspace.coorperation.CoorperationApplication ||| Starting CoorperationApplication on DESKTOP-URDLGQF with PID 9112 (C:\NoCortY_Pad\WorkSpace\github\coorperation\target\classes started by nocor in C:\NoCortY_Pad\WorkSpace\github\coorperation)
2019-10-04 14:44:15 ||| [main] ||| INFO  ||| c.objectspace.coorperation.CoorperationApplication ||| No active profile set, falling back to default profiles: default
2019-10-04 14:44:22 ||| [main] ||| INFO  ||| com.objectspace.coorperation.cache.RedisCache ||| MyBatis开启二级缓存!
2019-10-04 14:44:32 ||| [main] ||| INFO  ||| com.objectspace.coorperation.cache.RedisCache ||| 尝试从Redis缓存中读取数据...
2019-10-04 14:44:32 ||| [main] ||| INFO  ||| com.objectspace.coorperation.cache.RedisCache ||| Redis缓存中不存在所需的数据，进行穿透查询!
2019-10-04 14:44:33 ||| [main] ||| INFO  ||| com.objectspace.coorperation.cache.RedisCache ||| 将数据回写Redis缓存。
2019-10-04 14:46:51 ||| [main] ||| INFO  ||| c.objectspace.coorperation.CoorperationApplication ||| Starting CoorperationApplication on DESKTOP-URDLGQF with PID 3552 (C:\NoCortY_Pad\WorkSpace\github\coorperation\target\classes started by nocor in C:\NoCortY_Pad\WorkSpace\github\coorperation)
2019-10-04 14:46:51 ||| [main] ||| INFO  ||| c.objectspace.coorperation.CoorperationApplication ||| No active profile set, falling back to default profiles: default
2019-10-04 14:46:57 ||| [main] ||| INFO  ||| com.objectspace.coorperation.cache.RedisCache ||| MyBatis开启二级缓存!
2019-10-04 14:47:02 ||| [main] ||| INFO  ||| com.objectspace.coorperation.cache.RedisCache ||| 尝试从Redis缓存中读取数据...
2019-10-04 14:47:02 ||| [main] ||| INFO  ||| com.objectspace.coorperation.cache.RedisCache ||| 成功命中Redis缓存并get所需数据!
2019-10-04 14:47:29 ||| [main] ||| INFO  ||| c.objectspace.coorperation.CoorperationApplication ||| Starting CoorperationApplication on DESKTOP-URDLGQF with PID 2980 (C:\NoCortY_Pad\WorkSpace\github\coorperation\target\classes started by nocor in C:\NoCortY_Pad\WorkSpace\github\coorperation)
2019-10-04 14:47:29 ||| [main] ||| INFO  ||| c.objectspace.coorperation.CoorperationApplication ||| No active profile set, falling back to default profiles: default
2019-10-04 14:47:35 ||| [main] ||| INFO  ||| com.objectspace.coorperation.cache.RedisCache ||| MyBatis开启二级缓存!
2019-10-04 14:47:45 ||| [main] ||| INFO  ||| com.objectspace.coorperation.cache.RedisCache ||| 尝试从Redis缓存中读取数据...
2019-10-04 14:47:45 ||| [main] ||| INFO  ||| com.objectspace.coorperation.cache.RedisCache ||| 成功命中Redis缓存并get所需数据!
2019-10-04 14:48:14 ||| [main] ||| INFO  ||| c.objectspace.coorperation.CoorperationApplication ||| Starting CoorperationApplication on DESKTOP-URDLGQF with PID 3332 (C:\NoCortY_Pad\WorkSpace\github\coorperation\target\classes started by nocor in C:\NoCortY_Pad\WorkSpace\github\coorperation)
2019-10-04 14:48:14 ||| [main] ||| INFO  ||| c.objectspace.coorperation.CoorperationApplication ||| No active profile set, falling back to default profiles: default
2019-10-04 14:48:21 ||| [main] ||| INFO  ||| com.objectspace.coorperation.cache.RedisCache ||| MyBatis开启二级缓存!
2019-10-04 14:48:26 ||| [main] ||| INFO  ||| com.objectspace.coorperation.cache.RedisCache ||| 尝试从Redis缓存中读取数据...
2019-10-04 14:48:27 ||| [main] ||| INFO  ||| com.objectspace.coorperation.cache.RedisCache ||| 成功命中Redis缓存并get所需数据!
2019-10-04 14:48:47 ||| [main] ||| INFO  ||| c.objectspace.coorperation.CoorperationApplication ||| Starting CoorperationApplication on DESKTOP-URDLGQF with PID 6960 (C:\NoCortY_Pad\WorkSpace\github\coorperation\target\classes started by nocor in C:\NoCortY_Pad\WorkSpace\github\coorperation)
2019-10-04 14:48:47 ||| [main] ||| INFO  ||| c.objectspace.coorperation.CoorperationApplication ||| No active profile set, falling back to default profiles: default
2019-10-04 14:48:54 ||| [main] ||| INFO  ||| com.objectspace.coorperation.cache.RedisCache ||| MyBatis开启二级缓存!
2019-10-04 14:49:23 ||| [main] ||| INFO  ||| com.objectspace.coorperation.cache.RedisCache ||| 尝试从Redis缓存中读取数据...
2019-10-04 14:49:23 ||| [main] ||| INFO  ||| com.objectspace.coorperation.cache.RedisCache ||| 成功命中Redis缓存并get所需数据!
2019-10-04 15:14:25 ||| [main] ||| INFO  ||| c.objectspace.coorperation.CoorperationApplication ||| Starting CoorperationApplication on DESKTOP-URDLGQF with PID 9660 (C:\NoCortY_Pad\WorkSpace\github\coorperation\target\classes started by nocor in C:\NoCortY_Pad\WorkSpace\github\coorperation)
2019-10-04 15:14:25 ||| [main] ||| INFO  ||| c.objectspace.coorperation.CoorperationApplication ||| No active profile set, falling back to default profiles: default
2019-10-04 15:14:31 ||| [main] ||| INFO  ||| com.objectspace.coorperation.cache.RedisCache ||| MyBatis开启二级缓存!
2019-10-04 15:14:41 ||| [main] ||| INFO  ||| com.objectspace.coorperation.cache.RedisCache ||| 尝试从Redis缓存中读取数据...
2019-10-04 15:14:42 ||| [main] ||| INFO  ||| com.objectspace.coorperation.cache.RedisCache ||| 成功命中Redis缓存并get所需数据!
2019-10-04 15:18:48 ||| [main] ||| INFO  ||| c.objectspace.coorperation.CoorperationApplication ||| Starting CoorperationApplication on DESKTOP-URDLGQF with PID 3320 (C:\NoCortY_Pad\WorkSpace\github\coorperation\target\classes started by nocor in C:\NoCortY_Pad\WorkSpace\github\coorperation)
2019-10-04 15:18:48 ||| [main] ||| INFO  ||| c.objectspace.coorperation.CoorperationApplication ||| No active profile set, falling back to default profiles: default
2019-10-04 15:18:55 ||| [main] ||| INFO  ||| com.objectspace.coorperation.cache.RedisCache ||| MyBatis开启二级缓存!
2019-10-04 15:19:00 ||| [main] ||| INFO  ||| com.objectspace.coorperation.cache.RedisCache ||| 尝试从Redis缓存中读取数据...
2019-10-04 15:19:00 ||| [main] ||| INFO  ||| com.objectspace.coorperation.cache.RedisCache ||| Redis缓存中不存在所需的数据，进行穿透查询!
2019-10-04 15:19:01 ||| [main] ||| INFO  ||| com.objectspace.coorperation.cache.RedisCache ||| 将数据回写Redis缓存。
2019-10-04 15:25:14 ||| [main] ||| INFO  ||| c.objectspace.coorperation.CoorperationApplication ||| Starting CoorperationApplication on DESKTOP-URDLGQF with PID 9432 (C:\NoCortY_Pad\WorkSpace\github\coorperation\target\classes started by nocor in C:\NoCortY_Pad\WorkSpace\github\coorperation)
2019-10-04 15:25:14 ||| [main] ||| INFO  ||| c.objectspace.coorperation.CoorperationApplication ||| No active profile set, falling back to default profiles: default
2019-10-04 15:25:21 ||| [main] ||| INFO  ||| com.objectspace.coorperation.cache.RedisCache ||| MyBatis开启二级缓存!
2019-10-04 15:25:38 ||| [main] ||| INFO  ||| com.objectspace.coorperation.cache.RedisCache ||| 尝试从Redis缓存中读取数据...
2019-10-04 15:25:38 ||| [main] ||| INFO  ||| com.objectspace.coorperation.cache.RedisCache ||| 成功命中Redis缓存并get所需数据!
2019-10-04 15:27:44 ||| [main] ||| INFO  ||| c.objectspace.coorperation.CoorperationApplication ||| Starting CoorperationApplication on DESKTOP-URDLGQF with PID 9936 (C:\NoCortY_Pad\WorkSpace\github\coorperation\target\classes started by nocor in C:\NoCortY_Pad\WorkSpace\github\coorperation)
2019-10-04 15:27:44 ||| [main] ||| INFO  ||| c.objectspace.coorperation.CoorperationApplication ||| No active profile set, falling back to default profiles: default
2019-10-04 15:27:51 ||| [main] ||| INFO  ||| com.objectspace.coorperation.cache.RedisCache ||| MyBatis开启二级缓存!
2019-10-04 15:28:02 ||| [main] ||| INFO  ||| com.objectspace.coorperation.cache.RedisCache ||| 尝试从Redis缓存中读取数据...
2019-10-04 15:28:02 ||| [main] ||| INFO  ||| com.objectspace.coorperation.cache.RedisCache ||| 成功命中Redis缓存并get所需数据!
2019-10-04 15:38:52 ||| [main] ||| INFO  ||| c.objectspace.coorperation.CoorperationApplication ||| Starting CoorperationApplication on DESKTOP-URDLGQF with PID 5160 (C:\NoCortY_Pad\WorkSpace\github\coorperation\target\classes started by nocor in C:\NoCortY_Pad\WorkSpace\github\coorperation)
2019-10-04 15:38:52 ||| [main] ||| INFO  ||| c.objectspace.coorperation.CoorperationApplication ||| No active profile set, falling back to default profiles: default
2019-10-04 15:39:05 ||| [main] ||| INFO  ||| com.objectspace.coorperation.cache.RedisCache ||| MyBatis开启二级缓存!
2019-10-04 15:39:21 ||| [main] ||| INFO  ||| c.objectspace.coorperation.CoorperationApplication ||| Started CoorperationApplication in 30.727 seconds (JVM running for 34.838)
2019-10-04 15:39:33 ||| [http-nio-7301-exec-2] ||| INFO  ||| com.objectspace.coorperation.aop.AutoLogAop ||| ===================================================================================
2019-10-04 15:39:33 ||| [http-nio-7301-exec-2] ||| INFO  ||| com.objectspace.coorperation.aop.AutoLogAop ||| 请求地址:/frontend/login
2019-10-04 15:39:33 ||| [http-nio-7301-exec-2] ||| INFO  ||| com.objectspace.coorperation.aop.AutoLogAop ||| 用户名:游客
2019-10-04 15:39:33 ||| [http-nio-7301-exec-2] ||| INFO  ||| com.objectspace.coorperation.aop.AutoLogAop ||| 返回信息:"/frontend/login"
2019-10-04 15:39:33 ||| [http-nio-7301-exec-2] ||| INFO  ||| com.objectspace.coorperation.aop.AutoLogAop ||| ===================================================================================
2019-10-04 15:49:53 ||| [main] ||| INFO  ||| c.objectspace.coorperation.CoorperationApplication ||| Starting CoorperationApplication on DESKTOP-URDLGQF with PID 10492 (C:\NoCortY_Pad\WorkSpace\github\coorperation\target\classes started by nocor in C:\NoCortY_Pad\WorkSpace\github\coorperation)
2019-10-04 15:49:53 ||| [main] ||| INFO  ||| c.objectspace.coorperation.CoorperationApplication ||| No active profile set, falling back to default profiles: default
2019-10-04 15:50:08 ||| [main] ||| INFO  ||| com.objectspace.coorperation.cache.RedisCache ||| MyBatis开启二级缓存!
2019-10-04 15:50:53 ||| [main] ||| INFO  ||| c.objectspace.coorperation.CoorperationApplication ||| Starting CoorperationApplication on DESKTOP-URDLGQF with PID 5716 (C:\NoCortY_Pad\WorkSpace\github\coorperation\target\classes started by nocor in C:\NoCortY_Pad\WorkSpace\github\coorperation)
2019-10-04 15:50:53 ||| [main] ||| INFO  ||| c.objectspace.coorperation.CoorperationApplication ||| No active profile set, falling back to default profiles: default
2019-10-04 15:51:02 ||| [main] ||| INFO  ||| com.objectspace.coorperation.cache.RedisCache ||| MyBatis开启二级缓存!
2019-10-04 15:51:10 ||| [main] ||| INFO  ||| com.objectspace.coorperation.cache.RedisCache ||| 尝试从Redis缓存中读取数据...
2019-10-04 15:51:10 ||| [main] ||| INFO  ||| com.objectspace.coorperation.cache.RedisCache ||| Redis缓存中不存在所需的数据，进行穿透查询!
2019-10-04 15:51:11 ||| [main] ||| INFO  ||| com.objectspace.coorperation.cache.RedisCache ||| 将数据回写Redis缓存。
2019-10-04 15:51:47 ||| [main] ||| INFO  ||| c.objectspace.coorperation.CoorperationApplication ||| Started CoorperationApplication in 55.938 seconds (JVM running for 58.466)
2019-10-04 15:55:09 ||| [main] ||| INFO  ||| c.objectspace.coorperation.CoorperationApplication ||| Starting CoorperationApplication on DESKTOP-URDLGQF with PID 10572 (C:\NoCortY_Pad\WorkSpace\github\coorperation\target\classes started by nocor in C:\NoCortY_Pad\WorkSpace\github\coorperation)
2019-10-04 15:55:09 ||| [main] ||| INFO  ||| c.objectspace.coorperation.CoorperationApplication ||| No active profile set, falling back to default profiles: default
2019-10-04 15:55:19 ||| [main] ||| INFO  ||| com.objectspace.coorperation.cache.RedisCache ||| MyBatis开启二级缓存!
2019-10-04 15:55:21 ||| [main] ||| INFO  ||| com.objectspace.coorperation.cache.RedisCache ||| 尝试从Redis缓存中读取数据...
2019-10-04 15:55:21 ||| [main] ||| INFO  ||| com.objectspace.coorperation.cache.RedisCache ||| Redis缓存中不存在所需的数据，进行穿透查询!
2019-10-04 15:55:21 ||| [main] ||| INFO  ||| com.objectspace.coorperation.cache.RedisCache ||| 将数据回写Redis缓存。
2019-10-04 15:55:31 ||| [main] ||| INFO  ||| c.objectspace.coorperation.CoorperationApplication ||| Started CoorperationApplication in 23.698 seconds (JVM running for 26.233)
2019-10-04 15:55:36 ||| [http-nio-7301-exec-1] ||| INFO  ||| com.objectspace.coorperation.aop.AutoLogAop ||| ===================================================================================
2019-10-04 15:55:36 ||| [http-nio-7301-exec-1] ||| INFO  ||| com.objectspace.coorperation.aop.AutoLogAop ||| 请求地址:/frontend/login
2019-10-04 15:55:36 ||| [http-nio-7301-exec-1] ||| INFO  ||| com.objectspace.coorperation.aop.AutoLogAop ||| 用户名:游客
2019-10-04 15:55:36 ||| [http-nio-7301-exec-1] ||| INFO  ||| com.objectspace.coorperation.aop.AutoLogAop ||| 返回信息:"/frontend/login"
2019-10-04 15:55:36 ||| [http-nio-7301-exec-1] ||| INFO  ||| com.objectspace.coorperation.aop.AutoLogAop ||| ===================================================================================
2019-10-04 15:56:02 ||| [http-nio-7301-exec-3] ||| INFO  ||| com.objectspace.coorperation.aop.AutoLogAop ||| ===================================================================================
2019-10-04 15:56:02 ||| [http-nio-7301-exec-3] ||| INFO  ||| com.objectspace.coorperation.aop.AutoLogAop ||| 请求地址:/frontend/register
2019-10-04 15:56:02 ||| [http-nio-7301-exec-3] ||| INFO  ||| com.objectspace.coorperation.aop.AutoLogAop ||| 用户名:游客
2019-10-04 15:56:02 ||| [http-nio-7301-exec-3] ||| INFO  ||| com.objectspace.coorperation.aop.AutoLogAop ||| 返回信息:"/frontend/register"
2019-10-04 15:56:02 ||| [http-nio-7301-exec-3] ||| INFO  ||| com.objectspace.coorperation.aop.AutoLogAop ||| ===================================================================================
2019-10-04 15:56:09 ||| [http-nio-7301-exec-6] ||| INFO  ||| com.objectspace.coorperation.aop.AutoLogAop ||| ===================================================================================
2019-10-04 15:56:09 ||| [http-nio-7301-exec-6] ||| INFO  ||| com.objectspace.coorperation.aop.AutoLogAop ||| 请求地址:/frontend/register
2019-10-04 15:56:09 ||| [http-nio-7301-exec-6] ||| INFO  ||| com.objectspace.coorperation.aop.AutoLogAop ||| 用户名:游客
2019-10-04 15:56:09 ||| [http-nio-7301-exec-6] ||| INFO  ||| com.objectspace.coorperation.aop.AutoLogAop ||| 返回信息:"/frontend/register"
2019-10-04 15:56:09 ||| [http-nio-7301-exec-6] ||| INFO  ||| com.objectspace.coorperation.aop.AutoLogAop ||| ===================================================================================
